\BOOKMARK [1][-]{section*.1}{\376\377\000C\000o\000u\000r\000s\000e\000\040\000O\000v\000e\000r\000v\000i\000e\000w}{}% 1
\BOOKMARK [1][-]{section*.2}{\376\377\000L\000e\000a\000r\000n\000i\000n\000g\000\040\000O\000b\000j\000e\000c\000t\000i\000v\000e\000s}{}% 2
\BOOKMARK [1][-]{section*.3}{\376\377\000T\000e\000x\000t\000s\000\040\000a\000n\000d\000\040\000P\000r\000o\000g\000r\000a\000m\000s}{}% 3
\BOOKMARK [1][-]{section*.4}{\376\377\000R\000e\000s\000o\000u\000r\000c\000e\000s}{}% 4
\BOOKMARK [1][-]{section*.5}{\376\377\000C\000o\000u\000r\000s\000e\000\040\000R\000e\000q\000u\000i\000r\000e\000m\000e\000n\000t\000s}{}% 5
\BOOKMARK [1][-]{section*.6}{\376\377\000C\000o\000u\000r\000s\000e\000\040\000P\000o\000l\000i\000c\000i\000e\000s}{}% 6
\BOOKMARK [2][-]{section*.7}{\376\377\000P\000a\000r\000t\000i\000c\000i\000p\000a\000t\000i\000o\000n\000\040\000a\000n\000d\000\040\000A\000t\000t\000e\000n\000d\000a\000n\000c\000e}{section*.6}% 7
\BOOKMARK [2][-]{section*.8}{\376\377\000C\000l\000a\000s\000s\000\040\000E\000t\000i\000q\000u\000e\000t\000t\000e}{section*.6}% 8
\BOOKMARK [2][-]{section*.9}{\376\377\000L\000a\000t\000e\000\040\000W\000o\000r\000k}{section*.6}% 9
\BOOKMARK [2][-]{section*.10}{\376\377\000C\000i\000t\000a\000t\000i\000o\000n\000\040\000\046\000\040\000S\000u\000b\000m\000i\000s\000s\000i\000o\000n}{section*.6}% 10
\BOOKMARK [1][-]{section*.11}{\376\377\000S\000c\000h\000o\000o\000l\000\040\000a\000n\000d\000\040\000P\000r\000o\000g\000r\000a\000m\000\040\000P\000o\000l\000i\000c\000i\000e\000s}{}% 11
\BOOKMARK [2][-]{section*.12}{\376\377\000S\000t\000u\000d\000e\000n\000t\000\040\000A\000s\000s\000e\000s\000s\000m\000e\000n\000t}{section*.11}% 12
\BOOKMARK [2][-]{section*.13}{\376\377\000C\000o\000p\000y\000r\000i\000g\000h\000t\000\040\000P\000o\000l\000i\000c\000y}{section*.11}% 13
\BOOKMARK [2][-]{section*.14}{\376\377\000A\000c\000a\000d\000e\000m\000i\000c\000\040\000I\000n\000t\000e\000g\000r\000i\000t\000y}{section*.11}% 14
\BOOKMARK [2][-]{section*.15}{\376\377\000C\000l\000a\000s\000s\000\040\000P\000a\000r\000t\000i\000c\000i\000p\000a\000t\000i\000o\000n}{section*.11}% 15
\BOOKMARK [2][-]{section*.16}{\376\377\000C\000o\000m\000m\000u\000n\000i\000t\000y\000\040\000S\000t\000a\000n\000d\000a\000r\000d\000s}{section*.11}% 16
\BOOKMARK [2][-]{section*.17}{\376\377\000A\000c\000c\000e\000s\000s\000i\000b\000i\000l\000i\000t\000y}{section*.11}% 17
\BOOKMARK [1][-]{section*.18}{\376\377\000C\000l\000a\000s\000s\000\040\000S\000c\000h\000e\000d\000u\000l\000e}{}% 18
\BOOKMARK [2][-]{section*.19}{\376\377\000D\000a\000y\000\040\0001}{section*.18}% 19
\BOOKMARK [2][-]{section*.20}{\376\377\000D\000a\000y\000\040\0002}{section*.18}% 20
\BOOKMARK [2][-]{section*.21}{\376\377\000D\000a\000y\000\040\0003}{section*.18}% 21
\BOOKMARK [2][-]{section*.22}{\376\377\000D\000a\000y\000\040\0004}{section*.18}% 22
\BOOKMARK [2][-]{section*.23}{\376\377\000D\000a\000y\000\040\0005}{section*.18}% 23
\BOOKMARK [2][-]{section*.24}{\376\377\000D\000a\000y\000\040\0006}{section*.18}% 24
\BOOKMARK [2][-]{section*.25}{\376\377\000D\000a\000y\000\040\0007}{section*.18}% 25
\BOOKMARK [2][-]{section*.26}{\376\377\000D\000a\000y\000\040\0008}{section*.18}% 26
\BOOKMARK [2][-]{section*.27}{\376\377\000D\000a\000y\000\040\0009}{section*.18}% 27
\BOOKMARK [2][-]{section*.28}{\376\377\000D\000a\000y\000\040\0001\0000}{section*.18}% 28
\BOOKMARK [2][-]{section*.29}{\376\377\000D\000a\000y\000\040\0001\0001}{section*.18}% 29
\BOOKMARK [2][-]{section*.30}{\376\377\000D\000a\000y\000\040\0001\0002}{section*.18}% 30
\BOOKMARK [2][-]{section*.31}{\376\377\000D\000a\000y\000\040\0001\0003}{section*.18}% 31
\BOOKMARK [2][-]{section*.32}{\376\377\000D\000a\000y\000\040\0001\0004}{section*.18}% 32
